c:\grant\project\gargle\engine\release\main.obj
c:\grant\project\gargle\engine\release\keyboard.obj
c:\grant\project\gargle\engine\release\mainwindow.obj
c:\grant\project\gargle\engine\release\game.obj
c:\grant\project\gargle\engine\release\dxerr.obj
c:\grant\project\gargle\engine\release\mouse.obj
c:\grant\project\gargle\engine\release\graphics.obj
c:\grant\project\gargle\engine\release\vc141.pdb
c:\grant\project\gargle\release\engine.ipdb
c:\grant\project\gargle\release\engine.iobj
c:\grant\project\gargle\engine\framebufferps.shh
c:\grant\project\gargle\engine\framebuffervs.shh
c:\grant\project\gargle\release\engine.exe
c:\grant\project\gargle\release\engine.pdb
c:\grant\project\gargle\engine\release\resource.res
c:\grant\project\gargle\engine\release\engine.tlog\cl.command.1.tlog
c:\grant\project\gargle\engine\release\engine.tlog\cl.read.1.tlog
c:\grant\project\gargle\engine\release\engine.tlog\cl.write.1.tlog
c:\grant\project\gargle\engine\release\engine.tlog\engine.write.1u.tlog
c:\grant\project\gargle\engine\release\engine.tlog\fxc.command.1.tlog
c:\grant\project\gargle\engine\release\engine.tlog\fxc.read.1.tlog
c:\grant\project\gargle\engine\release\engine.tlog\fxc.write.1.tlog
c:\grant\project\gargle\engine\release\engine.tlog\link.command.1.tlog
c:\grant\project\gargle\engine\release\engine.tlog\link.read.1.tlog
c:\grant\project\gargle\engine\release\engine.tlog\link.write.1.tlog
c:\grant\project\gargle\engine\release\engine.tlog\rc.command.1.tlog
c:\grant\project\gargle\engine\release\engine.tlog\rc.read.1.tlog
c:\grant\project\gargle\engine\release\engine.tlog\rc.write.1.tlog
