c:\grant\project\gargle\engine\debug\mainwindow.obj
c:\grant\project\gargle\engine\debug\main.obj
c:\grant\project\gargle\engine\debug\game.obj
c:\grant\project\gargle\engine\debug\dxerr.obj
c:\grant\project\gargle\engine\debug\mouse.obj
c:\grant\project\gargle\engine\debug\graphics.obj
c:\grant\project\gargle\engine\debug\keyboard.obj
c:\grant\project\gargle\engine\debug\vc141.pdb
c:\grant\project\gargle\engine\debug\vc141.idb
c:\grant\project\gargle\engine\framebufferps.shh
c:\grant\project\gargle\engine\framebuffervs.shh
c:\grant\project\gargle\debug\engine.exe
c:\grant\project\gargle\debug\engine.ilk
c:\grant\project\gargle\debug\engine.pdb
c:\grant\project\gargle\engine\debug\resource.res
c:\grant\project\gargle\engine\debug\engine.tlog\cl.command.1.tlog
c:\grant\project\gargle\engine\debug\engine.tlog\cl.read.1.tlog
c:\grant\project\gargle\engine\debug\engine.tlog\cl.write.1.tlog
c:\grant\project\gargle\engine\debug\engine.tlog\fxc.command.1.tlog
c:\grant\project\gargle\engine\debug\engine.tlog\fxc.read.1.tlog
c:\grant\project\gargle\engine\debug\engine.tlog\fxc.write.1.tlog
c:\grant\project\gargle\engine\debug\engine.tlog\link.command.1.tlog
c:\grant\project\gargle\engine\debug\engine.tlog\link.read.1.tlog
c:\grant\project\gargle\engine\debug\engine.tlog\link.write.1.tlog
c:\grant\project\gargle\engine\debug\engine.tlog\rc.command.1.tlog
c:\grant\project\gargle\engine\debug\engine.tlog\rc.read.1.tlog
c:\grant\project\gargle\engine\debug\engine.tlog\rc.write.1.tlog
